INFO:root:Created consumer log file
INFO:root:requesting frame...
INFO:root:b'\x03'
INFO:root:Frame size in bytes: 31991
INFO:root:Received frame 0
INFO:root:requesting frame...
INFO:root:b'\x03'
INFO:root:Frame size in bytes: 31991
INFO:root:Received frame 1
INFO:root:requesting frame...
INFO:root:b'\x03'
INFO:root:Frame size in bytes: 31991
INFO:root:Received frame 2
INFO:root:requesting frame...
INFO:root:b'\x03'
INFO:root:Frame size in bytes: 31991
INFO:root:Received frame 3
INFO:root:requesting frame...
INFO:root:b'\x03'
INFO:root:Frame size in bytes: 31991
INFO:root:Received frame 4
INFO:root:requesting frame...
INFO:root:b'\x03'
INFO:root:Frame size in bytes: 32056
INFO:root:Received frame 5
INFO:root:requesting frame...
INFO:root:b'\x03'
INFO:root:Frame size in bytes: 32056
INFO:root:Received frame 6
INFO:root:requesting frame...
INFO:root:b'\x03'
INFO:root:Frame size in bytes: 32056
INFO:root:Received frame 7
INFO:root:requesting frame...
INFO:root:b'\x03'
INFO:root:Frame size in bytes: 32056
INFO:root:Received frame 8
INFO:root:requesting frame...
INFO:root:b'\x03'
INFO:root:Frame size in bytes: 32056
INFO:root:Received frame 9
INFO:root:requesting frame...
INFO:root:b'\x03'
INFO:root:Frame size in bytes: 31963
INFO:root:Received frame 10
INFO:root:requesting frame...
INFO:root:b'\x03'
INFO:root:Frame size in bytes: 31963
INFO:root:Received frame 11
INFO:root:requesting frame...
INFO:root:b'\x03'
INFO:root:Frame size in bytes: 31963
INFO:root:Received frame 12
INFO:root:requesting frame...
INFO:root:b'\x03'
INFO:root:Frame size in bytes: 31963
INFO:root:Received frame 13
INFO:root:requesting frame...
INFO:root:b'\x03'
INFO:root:Frame size in bytes: 31963
INFO:root:Received frame 14
INFO:root:requesting frame...
INFO:root:b'\x03'
INFO:root:Frame size in bytes: 31963
INFO:root:Received frame 15
INFO:root:requesting frame...
INFO:root:b'\x03'
INFO:root:Frame size in bytes: 32018
INFO:root:Received frame 16
INFO:root:requesting frame...
INFO:root:b'\x03'
INFO:root:Frame size in bytes: 32018
INFO:root:Received frame 17
INFO:root:requesting frame...
INFO:root:b'\x03'
INFO:root:Frame size in bytes: 32018
INFO:root:Received frame 18
INFO:root:requesting frame...
INFO:root:b'\x03'
INFO:root:Frame size in bytes: 32018
INFO:root:Received frame 19
INFO:root:requesting frame...
INFO:root:b'\x03'
INFO:root:Frame size in bytes: 32018
INFO:root:Received frame 20
INFO:root:requesting frame...
INFO:root:b'\x03'
INFO:root:Frame size in bytes: 31897
INFO:root:Received frame 21
INFO:root:requesting frame...
INFO:root:b'\x03'
INFO:root:Frame size in bytes: 31897
INFO:root:Received frame 22
INFO:root:requesting frame...
INFO:root:b'\x03'
INFO:root:Frame size in bytes: 31897
INFO:root:Received frame 23
INFO:root:requesting frame...
INFO:root:b'\x03'
INFO:root:Frame size in bytes: 31897
INFO:root:Received frame 24
INFO:root:requesting frame...
INFO:root:b'\x03'
INFO:root:Frame size in bytes: 31897
INFO:root:Received frame 25
INFO:root:requesting frame...
INFO:root:b'\x03'
INFO:root:Frame size in bytes: 31897
INFO:root:Received frame 26
INFO:root:requesting frame...
INFO:root:b'\x03'
INFO:root:Frame size in bytes: 31982
INFO:root:Received frame 27
INFO:root:requesting frame...
INFO:root:b'\x03'
INFO:root:Frame size in bytes: 31982
INFO:root:Received frame 28
INFO:root:requesting frame...
INFO:root:b'\x03'
INFO:root:Frame size in bytes: 31982
INFO:root:Received frame 29
INFO:root:requesting frame...
INFO:root:b'\x03'
INFO:root:Frame size in bytes: 31982
INFO:root:Received frame 30
INFO:root:requesting frame...
INFO:root:b'\x03'
INFO:root:Frame size in bytes: 31982
INFO:root:Received frame 31
INFO:root:requesting frame...
INFO:root:b'\x03'
INFO:root:Frame size in bytes: 31982
INFO:root:Received frame 32
INFO:root:requesting frame...
INFO:root:b'\x03'
INFO:root:Frame size in bytes: 32038
INFO:root:Received frame 33
INFO:root:requesting frame...
INFO:root:b'\x03'
INFO:root:Frame size in bytes: 32038
INFO:root:Received frame 34
INFO:root:requesting frame...
INFO:root:b'\x03'
INFO:root:Frame size in bytes: 32038
INFO:root:Received frame 35
INFO:root:requesting frame...
INFO:root:b'\x03'
INFO:root:Frame size in bytes: 32038
INFO:root:Received frame 36
INFO:root:requesting frame...
INFO:root:b'\x03'
INFO:root:Frame size in bytes: 32038
INFO:root:Received frame 37
INFO:root:requesting frame...
INFO:root:b'\x03'
INFO:root:Frame size in bytes: 32038
INFO:root:Received frame 38
INFO:root:requesting frame...
INFO:root:b'\x03'
INFO:root:Frame size in bytes: 32038
INFO:root:Received frame 39
INFO:root:requesting frame...
INFO:root:b'\x03'
INFO:root:Frame size in bytes: 31971
INFO:root:Received frame 40
INFO:root:requesting frame...
INFO:root:b'\x03'
INFO:root:Frame size in bytes: 31971
INFO:root:Received frame 41
INFO:root:requesting frame...
INFO:root:b'\x03'
INFO:root:Frame size in bytes: 31971
INFO:root:Received frame 42
INFO:root:requesting frame...
INFO:root:b'\x03'
INFO:root:Frame size in bytes: 31971
INFO:root:Received frame 43
INFO:root:requesting frame...
INFO:root:b'\x03'
INFO:root:Frame size in bytes: 31971
INFO:root:Received frame 44
INFO:root:requesting frame...
INFO:root:b'\x03'
INFO:root:Frame size in bytes: 31971
INFO:root:Received frame 45
INFO:root:requesting frame...
INFO:root:b'\x03'
INFO:root:Frame size in bytes: 32086
INFO:root:Received frame 46
INFO:root:requesting frame...
INFO:root:b'\x03'
INFO:root:Frame size in bytes: 32086
INFO:root:Received frame 47
INFO:root:requesting frame...
INFO:root:b'\x03'
INFO:root:Frame size in bytes: 32086
INFO:root:Received frame 48
INFO:root:requesting frame...
INFO:root:b'\x03'
INFO:root:Frame size in bytes: 32086
INFO:root:Received frame 49
INFO:root:requesting frame...
INFO:root:b'\x03'
INFO:root:Frame size in bytes: 32086
INFO:root:Received frame 50
INFO:root:requesting frame...
INFO:root:b'\x03'
INFO:root:Frame size in bytes: 32086
INFO:root:Received frame 51
INFO:root:requesting frame...
INFO:root:b'\x03'
INFO:root:Frame size in bytes: 32016
INFO:root:Received frame 52
INFO:root:requesting frame...
INFO:root:b'\x03'
INFO:root:Frame size in bytes: 32016
INFO:root:Received frame 53
INFO:root:requesting frame...
INFO:root:b'\x03'
INFO:root:Frame size in bytes: 32016
INFO:root:Received frame 54
INFO:root:requesting frame...
INFO:root:b'\x03'
INFO:root:Frame size in bytes: 32016
INFO:root:Received frame 55
INFO:root:requesting frame...
INFO:root:b'\x03'
INFO:root:Frame size in bytes: 32016
INFO:root:Received frame 56
INFO:root:requesting frame...
INFO:root:b'\x03'
INFO:root:Frame size in bytes: 32016
INFO:root:Received frame 57
INFO:root:requesting frame...
INFO:root:b'\x03'
INFO:root:Frame size in bytes: 32016
INFO:root:Received frame 58
INFO:root:requesting frame...
INFO:root:b'\x03'
INFO:root:Frame size in bytes: 31930
INFO:root:Received frame 59
INFO:root:requesting frame...
INFO:root:b'\x03'
INFO:root:Frame size in bytes: 31930
INFO:root:Received frame 60
INFO:root:requesting frame...
INFO:root:b'\x03'
INFO:root:Frame size in bytes: 31930
INFO:root:Received frame 61
INFO:root:requesting frame...
INFO:root:b'\x03'
INFO:root:Frame size in bytes: 31930
INFO:root:Received frame 62
INFO:root:requesting frame...
INFO:root:b'\x03'
INFO:root:Frame size in bytes: 31930
INFO:root:Received frame 63
INFO:root:requesting frame...
INFO:root:b'\x03'
INFO:root:Frame size in bytes: 31930
INFO:root:Received frame 64
INFO:root:requesting frame...
INFO:root:b'\x03'
INFO:root:Frame size in bytes: 32147
INFO:root:Received frame 65
INFO:root:requesting frame...
INFO:root:b'\x03'
INFO:root:Frame size in bytes: 32147
INFO:root:Received frame 66
INFO:root:requesting frame...
INFO:root:b'\x03'
INFO:root:Frame size in bytes: 32147
INFO:root:Received frame 67
INFO:root:requesting frame...
INFO:root:b'\x03'
INFO:root:Frame size in bytes: 32147
INFO:root:Received frame 68
INFO:root:requesting frame...
INFO:root:b'\x03'
INFO:root:Frame size in bytes: 32147
INFO:root:Received frame 69
INFO:root:requesting frame...
INFO:root:b'\x03'
INFO:root:Frame size in bytes: 32147
INFO:root:Received frame 70
INFO:root:requesting frame...
INFO:root:b'\x03'
INFO:root:Frame size in bytes: 32147
INFO:root:Received frame 71
INFO:root:requesting frame...
INFO:root:b'\x03'
INFO:root:Frame size in bytes: 32147
INFO:root:Received frame 72
INFO:root:requesting frame...
INFO:root:b'\x03'
INFO:root:Frame size in bytes: 31975
INFO:root:Received frame 73
INFO:root:requesting frame...
INFO:root:b'\x03'
INFO:root:Frame size in bytes: 31975
INFO:root:Received frame 74
INFO:root:requesting frame...
INFO:root:b'\x03'
INFO:root:Frame size in bytes: 31975
INFO:root:Received frame 75
INFO:root:requesting frame...
INFO:root:b'\x03'
INFO:root:Frame size in bytes: 31975
INFO:root:Received frame 76
INFO:root:requesting frame...
INFO:root:b'\x03'
INFO:root:Frame size in bytes: 31975
INFO:root:Received frame 77
INFO:root:requesting frame...
INFO:root:b'\x03'
INFO:root:Frame size in bytes: 31975
INFO:root:Received frame 78
INFO:root:requesting frame...
INFO:root:b'\x03'
INFO:root:Frame size in bytes: 31975
INFO:root:Received frame 79
INFO:root:requesting frame...
INFO:root:b'\x03'
INFO:root:Frame size in bytes: 31895
INFO:root:Received frame 80
INFO:root:requesting frame...
INFO:root:b'\x03'
INFO:root:Frame size in bytes: 31895
INFO:root:Received frame 81
INFO:root:requesting frame...
INFO:root:b'\x03'
INFO:root:Frame size in bytes: 31895
INFO:root:Received frame 82
INFO:root:requesting frame...
INFO:root:b'\x03'
INFO:root:Frame size in bytes: 31895
INFO:root:Received frame 83
INFO:root:requesting frame...
INFO:root:b'\x03'
INFO:root:Frame size in bytes: 31895
INFO:root:Received frame 84
INFO:root:requesting frame...
INFO:root:b'\x03'
INFO:root:Frame size in bytes: 31895
INFO:root:Received frame 85
INFO:root:requesting frame...
INFO:root:b'\x03'
INFO:root:Frame size in bytes: 31895
INFO:root:Received frame 86
INFO:root:requesting frame...
INFO:root:b'\x03'
INFO:root:Frame size in bytes: 31856
INFO:root:Received frame 87
INFO:root:requesting frame...
INFO:root:b'\x03'
INFO:root:Frame size in bytes: 31856
INFO:root:Received frame 88
INFO:root:requesting frame...
INFO:root:b'\x03'
INFO:root:Frame size in bytes: 31856
INFO:root:Received frame 89
INFO:root:requesting frame...
INFO:root:b'\x03'
INFO:root:Frame size in bytes: 31856
INFO:root:Received frame 90
INFO:root:requesting frame...
INFO:root:b'\x03'
INFO:root:Frame size in bytes: 31856
INFO:root:Received frame 91
INFO:root:requesting frame...
INFO:root:b'\x03'
INFO:root:Frame size in bytes: 31856
INFO:root:Received frame 92
INFO:root:requesting frame...
INFO:root:b'\x03'
INFO:root:Frame size in bytes: 31856
INFO:root:Received frame 93
INFO:root:requesting frame...
INFO:root:b'\x03'
INFO:root:Frame size in bytes: 31856
INFO:root:Received frame 94
INFO:root:requesting frame...
INFO:root:b'\x03'
INFO:root:Frame size in bytes: 31856
INFO:root:Received frame 95
INFO:root:requesting frame...
INFO:root:b'\x03'
INFO:root:Frame size in bytes: 32169
INFO:root:Received frame 96
INFO:root:requesting frame...
INFO:root:b'\x03'
INFO:root:Frame size in bytes: 32169
INFO:root:Received frame 97
INFO:root:requesting frame...
INFO:root:b'\x03'
INFO:root:Frame size in bytes: 32169
INFO:root:Received frame 98
INFO:root:requesting frame...
INFO:root:b'\x03'
INFO:root:Frame size in bytes: 32169
INFO:root:Received frame 99
INFO:root:requesting frame...
INFO:root:b'\x03'
INFO:root:Frame size in bytes: 32169
INFO:root:Received frame 100
INFO:root:requesting frame...
INFO:root:b'\x03'
INFO:root:Frame size in bytes: 32169
INFO:root:Received frame 101
INFO:root:requesting frame...
INFO:root:b'\x03'
INFO:root:Frame size in bytes: 32169
INFO:root:Received frame 102
INFO:root:requesting frame...
INFO:root:b'\x03'
INFO:root:Frame size in bytes: 32169
INFO:root:Received frame 103
INFO:root:requesting frame...
INFO:root:b'\x03'
INFO:root:Frame size in bytes: 32169
INFO:root:Received frame 104
INFO:root:requesting frame...
INFO:root:b'\x03'
INFO:root:Frame size in bytes: 32169
INFO:root:Received frame 105
INFO:root:requesting frame...
INFO:root:b'\x03'
INFO:root:Frame size in bytes: 32169
INFO:root:Received frame 106
INFO:root:requesting frame...
INFO:root:b'\x03'
INFO:root:Frame size in bytes: 32169
INFO:root:Received frame 107
INFO:root:requesting frame...
INFO:root:b'\x03'
INFO:root:Frame size in bytes: 32169
INFO:root:Received frame 108
INFO:root:requesting frame...
INFO:root:b'\x03'
INFO:root:Frame size in bytes: 32169
INFO:root:Received frame 109
INFO:root:requesting frame...
INFO:root:b'\x03'
INFO:root:Frame size in bytes: 32169
INFO:root:Received frame 110
INFO:root:requesting frame...
INFO:root:b'\x03'
INFO:root:Frame size in bytes: 32169
INFO:root:Received frame 111
INFO:root:requesting frame...
INFO:root:b'\x03'
INFO:root:Frame size in bytes: 32169
INFO:root:Received frame 112
INFO:root:requesting frame...
INFO:root:b'\x03'
INFO:root:Frame size in bytes: 32169
INFO:root:Received frame 113
INFO:root:requesting frame...
INFO:root:b'\x03'
INFO:root:Frame size in bytes: 32169
INFO:root:Received frame 114
INFO:root:requesting frame...
INFO:root:b'\x03'
INFO:root:Frame size in bytes: 32169
INFO:root:Received frame 115
INFO:root:requesting frame...
INFO:root:b'\x03'
INFO:root:Frame size in bytes: 32169
INFO:root:Received frame 116
INFO:root:requesting frame...
INFO:root:b'\x03'
INFO:root:Frame size in bytes: 32169
INFO:root:Received frame 117
INFO:root:requesting frame...
INFO:root:b'\x03'
INFO:root:Frame size in bytes: 32169
INFO:root:Received frame 118
INFO:root:requesting frame...
INFO:root:b'\x03'
INFO:root:Frame size in bytes: 32169
INFO:root:Received frame 119
INFO:root:requesting frame...
INFO:root:b'\x03'
INFO:root:Frame size in bytes: 32169
INFO:root:Received frame 120
INFO:root:requesting frame...
INFO:root:b'\x03'
INFO:root:Frame size in bytes: 32169
INFO:root:Received frame 121
INFO:root:requesting frame...
INFO:root:b'\x03'
INFO:root:Frame size in bytes: 32169
INFO:root:Received frame 122
INFO:root:requesting frame...
INFO:root:b'\x03'
INFO:root:Frame size in bytes: 32169
INFO:root:Received frame 123
INFO:root:requesting frame...
INFO:root:b'\x03'
INFO:root:Frame size in bytes: 32169
INFO:root:Received frame 124
INFO:root:requesting frame...
INFO:root:b'\x03'
INFO:root:Frame size in bytes: 32169
INFO:root:Received frame 125
INFO:root:requesting frame...
INFO:root:b'\x03'
INFO:root:Frame size in bytes: 32169
INFO:root:Received frame 126
INFO:root:requesting frame...
INFO:root:b'\x03'
INFO:root:Frame size in bytes: 32169
INFO:root:Received frame 127
INFO:root:requesting frame...
INFO:root:b'\x03'
INFO:root:Frame size in bytes: 32169
INFO:root:Received frame 128
INFO:root:requesting frame...
INFO:root:b'\x03'
INFO:root:Frame size in bytes: 32169
INFO:root:Received frame 129
INFO:root:requesting frame...
INFO:root:b'\x03'
INFO:root:Frame size in bytes: 32169
INFO:root:Received frame 130
INFO:root:requesting frame...
INFO:root:b'\x03'
INFO:root:Frame size in bytes: 32169
INFO:root:Received frame 131
INFO:root:requesting frame...
INFO:root:b'\x03'
INFO:root:Frame size in bytes: 32169
INFO:root:Received frame 132
INFO:root:requesting frame...
INFO:root:b'\x03'
INFO:root:Frame size in bytes: 32169
INFO:root:Received frame 133
INFO:root:requesting frame...
INFO:root:b'\x03'
INFO:root:Frame size in bytes: 32169
INFO:root:Received frame 134
INFO:root:requesting frame...
INFO:root:b'\x03'
INFO:root:Frame size in bytes: 32169
INFO:root:Received frame 135
INFO:root:requesting frame...
INFO:root:b'\x03'
INFO:root:Frame size in bytes: 32169
INFO:root:Received frame 136
INFO:root:requesting frame...
INFO:root:b'\x03'
INFO:root:Frame size in bytes: 32169
INFO:root:Received frame 137
INFO:root:requesting frame...
INFO:root:b'\x03'
INFO:root:Frame size in bytes: 32169
INFO:root:Received frame 138
INFO:root:requesting frame...
INFO:root:b'\x03'
INFO:root:Frame size in bytes: 32169
INFO:root:Received frame 139
INFO:root:requesting frame...
INFO:root:b'\x03'
INFO:root:Frame size in bytes: 32169
INFO:root:Received frame 140
INFO:root:requesting frame...
INFO:root:b'\x03'
INFO:root:Frame size in bytes: 32169
INFO:root:Received frame 141
INFO:root:requesting frame...
INFO:root:b'\x03'
INFO:root:Frame size in bytes: 32169
INFO:root:Received frame 142
INFO:root:requesting frame...
INFO:root:b'\x03'
INFO:root:Frame size in bytes: 32169
INFO:root:Received frame 143
INFO:root:requesting frame...
INFO:root:b'\x03'
INFO:root:Frame size in bytes: 32169
INFO:root:Received frame 144
INFO:root:requesting frame...
INFO:root:b'\x03'
INFO:root:Frame size in bytes: 32169
INFO:root:Received frame 145
INFO:root:requesting frame...
INFO:root:b'\x03'
INFO:root:Frame size in bytes: 32169
INFO:root:Received frame 146
INFO:root:requesting frame...
INFO:root:b'\x03'
INFO:root:Frame size in bytes: 32169
INFO:root:Received frame 147
INFO:root:requesting frame...
INFO:root:b'\x03'
INFO:root:Frame size in bytes: 32169
INFO:root:Received frame 148
INFO:root:requesting frame...
INFO:root:b'\x03'
INFO:root:Frame size in bytes: 32169
INFO:root:Received frame 149
INFO:root:requesting frame...
INFO:root:b'\x03'
INFO:root:Frame size in bytes: 32169
INFO:root:Received frame 150
INFO:root:requesting frame...
INFO:root:b'\x03'
INFO:root:Frame size in bytes: 32169
INFO:root:Received frame 151
INFO:root:requesting frame...
INFO:root:b'\x03'
INFO:root:Frame size in bytes: 32169
INFO:root:Received frame 152
INFO:root:requesting frame...
INFO:root:b'\x03'
INFO:root:Frame size in bytes: 32169
INFO:root:Received frame 153
INFO:root:requesting frame...
INFO:root:b'\x03'
INFO:root:Frame size in bytes: 32169
INFO:root:Received frame 154
INFO:root:requesting frame...
INFO:root:b'\x03'
INFO:root:Frame size in bytes: 32169
INFO:root:Received frame 155
INFO:root:requesting frame...
INFO:root:b'\x03'
INFO:root:Frame size in bytes: 32169
INFO:root:Received frame 156
INFO:root:requesting frame...
INFO:root:b'\x03'
INFO:root:Frame size in bytes: 32169
INFO:root:Received frame 157
INFO:root:requesting frame...
INFO:root:b'\x03'
INFO:root:Frame size in bytes: 32169
INFO:root:Received frame 158
INFO:root:requesting frame...
INFO:root:b'\x03'
INFO:root:Frame size in bytes: 32169
INFO:root:Received frame 159
INFO:root:requesting frame...
INFO:root:b'\x03'
INFO:root:Frame size in bytes: 32169
INFO:root:Received frame 160
INFO:root:requesting frame...
INFO:root:b'\x03'
INFO:root:Frame size in bytes: 32169
INFO:root:Received frame 161
INFO:root:requesting frame...
INFO:root:b'\x03'
INFO:root:Frame size in bytes: 32169
INFO:root:Received frame 162
INFO:root:requesting frame...
INFO:root:b'\x03'
INFO:root:Frame size in bytes: 32169
INFO:root:Received frame 163
INFO:root:requesting frame...
INFO:root:b'\x03'
INFO:root:Frame size in bytes: 32169
INFO:root:Received frame 164
INFO:root:requesting frame...
INFO:root:b'\x03'
INFO:root:Frame size in bytes: 32169
INFO:root:Received frame 165
INFO:root:requesting frame...
INFO:root:b'\x03'
INFO:root:Frame size in bytes: 32169
INFO:root:Received frame 166
INFO:root:requesting frame...
INFO:root:b'\x03'
INFO:root:Frame size in bytes: 32169
INFO:root:Received frame 167
INFO:root:requesting frame...
INFO:root:b'\x03'
INFO:root:Frame size in bytes: 32169
INFO:root:Received frame 168
INFO:root:requesting frame...
INFO:root:b'\x03'
INFO:root:Frame size in bytes: 32169
INFO:root:Received frame 169
INFO:root:requesting frame...
INFO:root:b'\x03'
INFO:root:Frame size in bytes: 32169
INFO:root:Received frame 170
INFO:root:requesting frame...
INFO:root:b'\x03'
INFO:root:Frame size in bytes: 32169
INFO:root:Received frame 171
INFO:root:requesting frame...
INFO:root:b'\x03'
INFO:root:Frame size in bytes: 32169
INFO:root:Received frame 172
INFO:root:requesting frame...
INFO:root:b'\x03'
INFO:root:Frame size in bytes: 32169
INFO:root:Received frame 173
INFO:root:requesting frame...
INFO:root:b'\x03'
INFO:root:Frame size in bytes: 32169
INFO:root:Received frame 174
INFO:root:requesting frame...
INFO:root:b'\x03'
INFO:root:Frame size in bytes: 32169
INFO:root:Received frame 175
INFO:root:requesting frame...
INFO:root:b'\x03'
INFO:root:Frame size in bytes: 32169
INFO:root:Received frame 176
INFO:root:requesting frame...
INFO:root:b'\x03'
INFO:root:Frame size in bytes: 32169
INFO:root:Received frame 177
INFO:root:requesting frame...
INFO:root:b'\x03'
INFO:root:Frame size in bytes: 32169
INFO:root:Received frame 178
INFO:root:requesting frame...
INFO:root:b'\x03'
INFO:root:Frame size in bytes: 32169
INFO:root:Received frame 179
INFO:root:requesting frame...
INFO:root:b'\x03'
INFO:root:Frame size in bytes: 32169
INFO:root:Received frame 180
INFO:root:requesting frame...
INFO:root:b'\x03'
INFO:root:Frame size in bytes: 32169
INFO:root:Received frame 181
INFO:root:requesting frame...
INFO:root:b'\x03'
INFO:root:Frame size in bytes: 32169
INFO:root:Received frame 182
INFO:root:requesting frame...
INFO:root:b'\x03'
INFO:root:Frame size in bytes: 32169
INFO:root:Received frame 183
INFO:root:requesting frame...
INFO:root:b'\x03'
INFO:root:Frame size in bytes: 32169
INFO:root:Received frame 184
INFO:root:requesting frame...
INFO:root:b'\x03'
INFO:root:Frame size in bytes: 32169
INFO:root:Received frame 185
INFO:root:requesting frame...
INFO:root:b'\x03'
INFO:root:Frame size in bytes: 32169
INFO:root:Received frame 186
INFO:root:requesting frame...
INFO:root:b'\x03'
INFO:root:Frame size in bytes: 32169
INFO:root:Received frame 187
INFO:root:requesting frame...
INFO:root:b'\x03'
INFO:root:Frame size in bytes: 32169
INFO:root:Received frame 188
INFO:root:requesting frame...
INFO:root:b'\x03'
INFO:root:Frame size in bytes: 32169
INFO:root:Received frame 189
INFO:root:requesting frame...
INFO:root:b'\x03'
INFO:root:Frame size in bytes: 32169
INFO:root:Received frame 190
INFO:root:requesting frame...
INFO:root:b'\x03'
INFO:root:Frame size in bytes: 32169
INFO:root:Received frame 191
INFO:root:requesting frame...
INFO:root:b'\x03'
INFO:root:Frame size in bytes: 32169
INFO:root:Received frame 192
INFO:root:requesting frame...
INFO:root:b'\x03'
INFO:root:Frame size in bytes: 32169
INFO:root:Received frame 193
INFO:root:requesting frame...
INFO:root:b'\x03'
INFO:root:Frame size in bytes: 32169
INFO:root:Received frame 194
INFO:root:requesting frame...
INFO:root:b'\x03'
INFO:root:Frame size in bytes: 32169
INFO:root:Received frame 195
INFO:root:requesting frame...
INFO:root:b'\x03'
INFO:root:Frame size in bytes: 32169
INFO:root:Received frame 196
INFO:root:requesting frame...
INFO:root:b'\x03'
INFO:root:Frame size in bytes: 32169
INFO:root:Received frame 197
INFO:root:requesting frame...
INFO:root:b'\x03'
INFO:root:Frame size in bytes: 32169
INFO:root:Received frame 198
INFO:root:requesting frame...
INFO:root:b'\x03'
INFO:root:Frame size in bytes: 32169
INFO:root:Received frame 199
INFO:root:requesting frame...
INFO:root:b'\x03'
INFO:root:Frame size in bytes: 32169
INFO:root:Received frame 200
INFO:root:requesting frame...
INFO:root:b'\x03'
INFO:root:Frame size in bytes: 32169
INFO:root:Received frame 201
INFO:root:requesting frame...
INFO:root:b'\x03'
INFO:root:Frame size in bytes: 32169
INFO:root:Received frame 202
INFO:root:requesting frame...
INFO:root:b'\x03'
INFO:root:Frame size in bytes: 32169
INFO:root:Received frame 203
INFO:root:requesting frame...
INFO:root:b'\x03'
INFO:root:Frame size in bytes: 32169
INFO:root:Received frame 204
INFO:root:requesting frame...
INFO:root:b'\x03'
INFO:root:Frame size in bytes: 32169
INFO:root:Received frame 205
INFO:root:requesting frame...
INFO:root:b'\x03'
INFO:root:Frame size in bytes: 32169
INFO:root:Received frame 206
INFO:root:requesting frame...
INFO:root:Exited
