15:30:20 **** Build of configuration Debug for project USB_HID_RF ****
make all 
Building file: ../startup/startup_stm32f446xx.s
Invoking: MCU GCC Assembler
/Users/joseluistejada/Desktop/USB_HID_RF/Debug
arm-none-eabi-as -mthumb   -g -o "startup/startup_stm32f446xx.o" "../startup/startup_stm32f446xx.s"
Finished building: ../startup/startup_stm32f446xx.s
 
Building file: ../Src/main.c
Invoking: MCU GCC Compiler
/Users/joseluistejada/Desktop/USB_HID_RF/Debug
arm-none-eabi-gcc -mthumb   -DUSE_HAL_DRIVER -DSTM32F446xx -I"/Users/joseluistejada/Desktop/USB_HID_RF/Inc" -I"/Users/joseluistejada/Desktop/USB_HID_RF/Drivers/STM32F4xx_HAL_Driver/Inc" -I"/Users/joseluistejada/Desktop/USB_HID_RF/Drivers/STM32F4xx_HAL_Driver/Inc/Legacy" -I"/Users/joseluistejada/Desktop/USB_HID_RF/Middlewares/ST/STM32_USB_Device_Library/Core/Inc" -I"/Users/joseluistejada/Desktop/USB_HID_RF/Middlewares/ST/STM32_USB_Device_Library/Class/HID/Inc" -I"/Users/joseluistejada/Desktop/USB_HID_RF/Drivers/CMSIS/Device/ST/STM32F4xx/Include" -I"/Users/joseluistejada/Desktop/USB_HID_RF/Drivers/CMSIS/Include"  -Og -g3 -Wall -fmessage-length=0 -ffunction-sections -c -fmessage-length=0 -MMD -MP -MF"Src/main.d" -MT"Src/main.o" -o "Src/main.o" "../Src/main.c"
Finished building: ../Src/main.c
 
Building file: ../Src/stm32f4xx_hal_msp.c
Invoking: MCU GCC Compiler
/Users/joseluistejada/Desktop/USB_HID_RF/Debug
arm-none-eabi-gcc -mthumb   -DUSE_HAL_DRIVER -DSTM32F446xx -I"/Users/joseluistejada/Desktop/USB_HID_RF/Inc" -I"/Users/joseluistejada/Desktop/USB_HID_RF/Drivers/STM32F4xx_HAL_Driver/Inc" -I"/Users/joseluistejada/Desktop/USB_HID_RF/Drivers/STM32F4xx_HAL_Driver/Inc/Legacy" -I"/Users/joseluistejada/Desktop/USB_HID_RF/Middlewares/ST/STM32_USB_Device_Library/Core/Inc" -I"/Users/joseluistejada/Desktop/USB_HID_RF/Middlewares/ST/STM32_USB_Device_Library/Class/HID/Inc" -I"/Users/joseluistejada/Desktop/USB_HID_RF/Drivers/CMSIS/Device/ST/STM32F4xx/Include" -I"/Users/joseluistejada/Desktop/USB_HID_RF/Drivers/CMSIS/Include"  -Og -g3 -Wall -fmessage-length=0 -ffunction-sections -c -fmessage-length=0 -MMD -MP -MF"Src/stm32f4xx_hal_msp.d" -MT"Src/stm32f4xx_hal_msp.o" -o "Src/stm32f4xx_hal_msp.o" "../Src/stm32f4xx_hal_msp.c"
Finished building: ../Src/stm32f4xx_hal_msp.c
 
Building file: ../Src/stm32f4xx_it.c
Invoking: MCU GCC Compiler
/Users/joseluistejada/Desktop/USB_HID_RF/Debug
arm-none-eabi-gcc -mthumb   -DUSE_HAL_DRIVER -DSTM32F446xx -I"/Users/joseluistejada/Desktop/USB_HID_RF/Inc" -I"/Users/joseluistejada/Desktop/USB_HID_RF/Drivers/STM32F4xx_HAL_Driver/Inc" -I"/Users/joseluistejada/Desktop/USB_HID_RF/Drivers/STM32F4xx_HAL_Driver/Inc/Legacy" -I"/Users/joseluistejada/Desktop/USB_HID_RF/Middlewares/ST/STM32_USB_Device_Library/Core/Inc" -I"/Users/joseluistejada/Desktop/USB_HID_RF/Middlewares/ST/STM32_USB_Device_Library/Class/HID/Inc" -I"/Users/joseluistejada/Desktop/USB_HID_RF/Drivers/CMSIS/Device/ST/STM32F4xx/Include" -I"/Users/joseluistejada/Desktop/USB_HID_RF/Drivers/CMSIS/Include"  -Og -g3 -Wall -fmessage-length=0 -ffunction-sections -c -fmessage-length=0 -MMD -MP -MF"Src/stm32f4xx_it.d" -MT"Src/stm32f4xx_it.o" -o "Src/stm32f4xx_it.o" "../Src/stm32f4xx_it.c"
Finished building: ../Src/stm32f4xx_it.c
 
Building file: ../Src/syscalls.c
Invoking: MCU GCC Compiler
/Users/joseluistejada/Desktop/USB_HID_RF/Debug
arm-none-eabi-gcc -mthumb   -DUSE_HAL_DRIVER -DSTM32F446xx -I"/Users/joseluistejada/Desktop/USB_HID_RF/Inc" -I"/Users/joseluistejada/Desktop/USB_HID_RF/Drivers/STM32F4xx_HAL_Driver/Inc" -I"/Users/joseluistejada/Desktop/USB_HID_RF/Drivers/STM32F4xx_HAL_Driver/Inc/Legacy" -I"/Users/joseluistejada/Desktop/USB_HID_RF/Middlewares/ST/STM32_USB_Device_Library/Core/Inc" -I"/Users/joseluistejada/Desktop/USB_HID_RF/Middlewares/ST/STM32_USB_Device_Library/Class/HID/Inc" -I"/Users/joseluistejada/Desktop/USB_HID_RF/Drivers/CMSIS/Device/ST/STM32F4xx/Include" -I"/Users/joseluistejada/Desktop/USB_HID_RF/Drivers/CMSIS/Include"  -Og -g3 -Wall -fmessage-length=0 -ffunction-sections -c -fmessage-length=0 -MMD -MP -MF"Src/syscalls.d" -MT"Src/syscalls.o" -o "Src/syscalls.o" "../Src/syscalls.c"
Finished building: ../Src/syscalls.c
 
Building file: ../Src/system_stm32f4xx.c
Invoking: MCU GCC Compiler
/Users/joseluistejada/Desktop/USB_HID_RF/Debug
arm-none-eabi-gcc -mthumb   -DUSE_HAL_DRIVER -DSTM32F446xx -I"/Users/joseluistejada/Desktop/USB_HID_RF/Inc" -I"/Users/joseluistejada/Desktop/USB_HID_RF/Drivers/STM32F4xx_HAL_Driver/Inc" -I"/Users/joseluistejada/Desktop/USB_HID_RF/Drivers/STM32F4xx_HAL_Driver/Inc/Legacy" -I"/Users/joseluistejada/Desktop/USB_HID_RF/Middlewares/ST/STM32_USB_Device_Library/Core/Inc" -I"/Users/joseluistejada/Desktop/USB_HID_RF/Middlewares/ST/STM32_USB_Device_Library/Class/HID/Inc" -I"/Users/joseluistejada/Desktop/USB_HID_RF/Drivers/CMSIS/Device/ST/STM32F4xx/Include" -I"/Users/joseluistejada/Desktop/USB_HID_RF/Drivers/CMSIS/Include"  -Og -g3 -Wall -fmessage-length=0 -ffunction-sections -c -fmessage-length=0 -MMD -MP -MF"Src/system_stm32f4xx.d" -MT"Src/system_stm32f4xx.o" -o "Src/system_stm32f4xx.o" "../Src/system_stm32f4xx.c"
Finished building: ../Src/system_stm32f4xx.c
 
Building file: ../Src/usb_device.c
Invoking: MCU GCC Compiler
/Users/joseluistejada/Desktop/USB_HID_RF/Debug
arm-none-eabi-gcc -mthumb   -DUSE_HAL_DRIVER -DSTM32F446xx -I"/Users/joseluistejada/Desktop/USB_HID_RF/Inc" -I"/Users/joseluistejada/Desktop/USB_HID_RF/Drivers/STM32F4xx_HAL_Driver/Inc" -I"/Users/joseluistejada/Desktop/USB_HID_RF/Drivers/STM32F4xx_HAL_Driver/Inc/Legacy" -I"/Users/joseluistejada/Desktop/USB_HID_RF/Middlewares/ST/STM32_USB_Device_Library/Core/Inc" -I"/Users/joseluistejada/Desktop/USB_HID_RF/Middlewares/ST/STM32_USB_Device_Library/Class/HID/Inc" -I"/Users/joseluistejada/Desktop/USB_HID_RF/Drivers/CMSIS/Device/ST/STM32F4xx/Include" -I"/Users/joseluistejada/Desktop/USB_HID_RF/Drivers/CMSIS/Include"  -Og -g3 -Wall -fmessage-length=0 -ffunction-sections -c -fmessage-length=0 -MMD -MP -MF"Src/usb_device.d" -MT"Src/usb_device.o" -o "Src/usb_device.o" "../Src/usb_device.c"
Finished building: ../Src/usb_device.c
 
Building file: ../Src/usbd_conf.c
Invoking: MCU GCC Compiler
/Users/joseluistejada/Desktop/USB_HID_RF/Debug
arm-none-eabi-gcc -mthumb   -DUSE_HAL_DRIVER -DSTM32F446xx -I"/Users/joseluistejada/Desktop/USB_HID_RF/Inc" -I"/Users/joseluistejada/Desktop/USB_HID_RF/Drivers/STM32F4xx_HAL_Driver/Inc" -I"/Users/joseluistejada/Desktop/USB_HID_RF/Drivers/STM32F4xx_HAL_Driver/Inc/Legacy" -I"/Users/joseluistejada/Desktop/USB_HID_RF/Middlewares/ST/STM32_USB_Device_Library/Core/Inc" -I"/Users/joseluistejada/Desktop/USB_HID_RF/Middlewares/ST/STM32_USB_Device_Library/Class/HID/Inc" -I"/Users/joseluistejada/Desktop/USB_HID_RF/Drivers/CMSIS/Device/ST/STM32F4xx/Include" -I"/Users/joseluistejada/Desktop/USB_HID_RF/Drivers/CMSIS/Include"  -Og -g3 -Wall -fmessage-length=0 -ffunction-sections -c -fmessage-length=0 -MMD -MP -MF"Src/usbd_conf.d" -MT"Src/usbd_conf.o" -o "Src/usbd_conf.o" "../Src/usbd_conf.c"
Finished building: ../Src/usbd_conf.c
 
Building file: ../Src/usbd_desc.c
Invoking: MCU GCC Compiler
/Users/joseluistejada/Desktop/USB_HID_RF/Debug
arm-none-eabi-gcc -mthumb   -DUSE_HAL_DRIVER -DSTM32F446xx -I"/Users/joseluistejada/Desktop/USB_HID_RF/Inc" -I"/Users/joseluistejada/Desktop/USB_HID_RF/Drivers/STM32F4xx_HAL_Driver/Inc" -I"/Users/joseluistejada/Desktop/USB_HID_RF/Drivers/STM32F4xx_HAL_Driver/Inc/Legacy" -I"/Users/joseluistejada/Desktop/USB_HID_RF/Middlewares/ST/STM32_USB_Device_Library/Core/Inc" -I"/Users/joseluistejada/Desktop/USB_HID_RF/Middlewares/ST/STM32_USB_Device_Library/Class/HID/Inc" -I"/Users/joseluistejada/Desktop/USB_HID_RF/Drivers/CMSIS/Device/ST/STM32F4xx/Include" -I"/Users/joseluistejada/Desktop/USB_HID_RF/Drivers/CMSIS/Include"  -Og -g3 -Wall -fmessage-length=0 -ffunction-sections -c -fmessage-length=0 -MMD -MP -MF"Src/usbd_desc.d" -MT"Src/usbd_desc.o" -o "Src/usbd_desc.o" "../Src/usbd_desc.c"
Finished building: ../Src/usbd_desc.c
 
Building file: ../Middlewares/ST/STM32_USB_Device_Library/Core/Src/usbd_core.c
Invoking: MCU GCC Compiler
/Users/joseluistejada/Desktop/USB_HID_RF/Debug
arm-none-eabi-gcc -mthumb   -DUSE_HAL_DRIVER -DSTM32F446xx -I"/Users/joseluistejada/Desktop/USB_HID_RF/Inc" -I"/Users/joseluistejada/Desktop/USB_HID_RF/Drivers/STM32F4xx_HAL_Driver/Inc" -I"/Users/joseluistejada/Desktop/USB_HID_RF/Drivers/STM32F4xx_HAL_Driver/Inc/Legacy" -I"/Users/joseluistejada/Desktop/USB_HID_RF/Middlewares/ST/STM32_USB_Device_Library/Core/Inc" -I"/Users/joseluistejada/Desktop/USB_HID_RF/Middlewares/ST/STM32_USB_Device_Library/Class/HID/Inc" -I"/Users/joseluistejada/Desktop/USB_HID_RF/Drivers/CMSIS/Device/ST/STM32F4xx/Include" -I"/Users/joseluistejada/Desktop/USB_HID_RF/Drivers/CMSIS/Include"  -Og -g3 -Wall -fmessage-length=0 -ffunction-sections -c -fmessage-length=0 -MMD -MP -MF"Middlewares/ST/STM32_USB_Device_Library/Core/Src/usbd_core.d" -MT"Middlewares/ST/STM32_USB_Device_Library/Core/Src/usbd_core.o" -o "Middlewares/ST/STM32_USB_Device_Library/Core/Src/usbd_core.o" "../Middlewares/ST/STM32_USB_Device_Library/Core/Src/usbd_core.c"
Finished building: ../Middlewares/ST/STM32_USB_Device_Library/Core/Src/usbd_core.c
 
Building file: ../Middlewares/ST/STM32_USB_Device_Library/Core/Src/usbd_ctlreq.c
Invoking: MCU GCC Compiler
/Users/joseluistejada/Desktop/USB_HID_RF/Debug
arm-none-eabi-gcc -mthumb   -DUSE_HAL_DRIVER -DSTM32F446xx -I"/Users/joseluistejada/Desktop/USB_HID_RF/Inc" -I"/Users/joseluistejada/Desktop/USB_HID_RF/Drivers/STM32F4xx_HAL_Driver/Inc" -I"/Users/joseluistejada/Desktop/USB_HID_RF/Drivers/STM32F4xx_HAL_Driver/Inc/Legacy" -I"/Users/joseluistejada/Desktop/USB_HID_RF/Middlewares/ST/STM32_USB_Device_Library/Core/Inc" -I"/Users/joseluistejada/Desktop/USB_HID_RF/Middlewares/ST/STM32_USB_Device_Library/Class/HID/Inc" -I"/Users/joseluistejada/Desktop/USB_HID_RF/Drivers/CMSIS/Device/ST/STM32F4xx/Include" -I"/Users/joseluistejada/Desktop/USB_HID_RF/Drivers/CMSIS/Include"  -Og -g3 -Wall -fmessage-length=0 -ffunction-sections -c -fmessage-length=0 -MMD -MP -MF"Middlewares/ST/STM32_USB_Device_Library/Core/Src/usbd_ctlreq.d" -MT"Middlewares/ST/STM32_USB_Device_Library/Core/Src/usbd_ctlreq.o" -o "Middlewares/ST/STM32_USB_Device_Library/Core/Src/usbd_ctlreq.o" "../Middlewares/ST/STM32_USB_Device_Library/Core/Src/usbd_ctlreq.c"
Finished building: ../Middlewares/ST/STM32_USB_Device_Library/Core/Src/usbd_ctlreq.c
 
Building file: ../Middlewares/ST/STM32_USB_Device_Library/Core/Src/usbd_ioreq.c
Invoking: MCU GCC Compiler
/Users/joseluistejada/Desktop/USB_HID_RF/Debug
arm-none-eabi-gcc -mthumb   -DUSE_HAL_DRIVER -DSTM32F446xx -I"/Users/joseluistejada/Desktop/USB_HID_RF/Inc" -I"/Users/joseluistejada/Desktop/USB_HID_RF/Drivers/STM32F4xx_HAL_Driver/Inc" -I"/Users/joseluistejada/Desktop/USB_HID_RF/Drivers/STM32F4xx_HAL_Driver/Inc/Legacy" -I"/Users/joseluistejada/Desktop/USB_HID_RF/Middlewares/ST/STM32_USB_Device_Library/Core/Inc" -I"/Users/joseluistejada/Desktop/USB_HID_RF/Middlewares/ST/STM32_USB_Device_Library/Class/HID/Inc" -I"/Users/joseluistejada/Desktop/USB_HID_RF/Drivers/CMSIS/Device/ST/STM32F4xx/Include" -I"/Users/joseluistejada/Desktop/USB_HID_RF/Drivers/CMSIS/Include"  -Og -g3 -Wall -fmessage-length=0 -ffunction-sections -c -fmessage-length=0 -MMD -MP -MF"Middlewares/ST/STM32_USB_Device_Library/Core/Src/usbd_ioreq.d" -MT"Middlewares/ST/STM32_USB_Device_Library/Core/Src/usbd_ioreq.o" -o "Middlewares/ST/STM32_USB_Device_Library/Core/Src/usbd_ioreq.o" "../Middlewares/ST/STM32_USB_Device_Library/Core/Src/usbd_ioreq.c"
Finished building: ../Middlewares/ST/STM32_USB_Device_Library/Core/Src/usbd_ioreq.c
 
Building file: ../Middlewares/ST/STM32_USB_Device_Library/Class/HID/Src/usbd_hid.c
Invoking: MCU GCC Compiler
/Users/joseluistejada/Desktop/USB_HID_RF/Debug
arm-none-eabi-gcc -mthumb   -DUSE_HAL_DRIVER -DSTM32F446xx -I"/Users/joseluistejada/Desktop/USB_HID_RF/Inc" -I"/Users/joseluistejada/Desktop/USB_HID_RF/Drivers/STM32F4xx_HAL_Driver/Inc" -I"/Users/joseluistejada/Desktop/USB_HID_RF/Drivers/STM32F4xx_HAL_Driver/Inc/Legacy" -I"/Users/joseluistejada/Desktop/USB_HID_RF/Middlewares/ST/STM32_USB_Device_Library/Core/Inc" -I"/Users/joseluistejada/Desktop/USB_HID_RF/Middlewares/ST/STM32_USB_Device_Library/Class/HID/Inc" -I"/Users/joseluistejada/Desktop/USB_HID_RF/Drivers/CMSIS/Device/ST/STM32F4xx/Include" -I"/Users/joseluistejada/Desktop/USB_HID_RF/Drivers/CMSIS/Include"  -Og -g3 -Wall -fmessage-length=0 -ffunction-sections -c -fmessage-length=0 -MMD -MP -MF"Middlewares/ST/STM32_USB_Device_Library/Class/HID/Src/usbd_hid.d" -MT"Middlewares/ST/STM32_USB_Device_Library/Class/HID/Src/usbd_hid.o" -o "Middlewares/ST/STM32_USB_Device_Library/Class/HID/Src/usbd_hid.o" "../Middlewares/ST/STM32_USB_Device_Library/Class/HID/Src/usbd_hid.c"
Finished building: ../Middlewares/ST/STM32_USB_Device_Library/Class/HID/Src/usbd_hid.c
 
Building file: ../Drivers/STM32F4xx_HAL_Driver/Src/stm32f4xx_hal.c
Invoking: MCU GCC Compiler
/Users/joseluistejada/Desktop/USB_HID_RF/Debug
arm-none-eabi-gcc -mthumb   -DUSE_HAL_DRIVER -DSTM32F446xx -I"/Users/joseluistejada/Desktop/USB_HID_RF/Inc" -I"/Users/joseluistejada/Desktop/USB_HID_RF/Drivers/STM32F4xx_HAL_Driver/Inc" -I"/Users/joseluistejada/Desktop/USB_HID_RF/Drivers/STM32F4xx_HAL_Driver/Inc/Legacy" -I"/Users/joseluistejada/Desktop/USB_HID_RF/Middlewares/ST/STM32_USB_Device_Library/Core/Inc" -I"/Users/joseluistejada/Desktop/USB_HID_RF/Middlewares/ST/STM32_USB_Device_Library/Class/HID/Inc" -I"/Users/joseluistejada/Desktop/USB_HID_RF/Drivers/CMSIS/Device/ST/STM32F4xx/Include" -I"/Users/joseluistejada/Desktop/USB_HID_RF/Drivers/CMSIS/Include"  -Og -g3 -Wall -fmessage-length=0 -ffunction-sections -c -fmessage-length=0 -MMD -MP -MF"Drivers/STM32F4xx_HAL_Driver/Src/stm32f4xx_hal.d" -MT"Drivers/STM32F4xx_HAL_Driver/Src/stm32f4xx_hal.o" -o "Drivers/STM32F4xx_HAL_Driver/Src/stm32f4xx_hal.o" "../Drivers/STM32F4xx_HAL_Driver/Src/stm32f4xx_hal.c"
Finished building: ../Drivers/STM32F4xx_HAL_Driver/Src/stm32f4xx_hal.c
 
Building file: ../Drivers/STM32F4xx_HAL_Driver/Src/stm32f4xx_hal_cortex.c
Invoking: MCU GCC Compiler
/Users/joseluistejada/Desktop/USB_HID_RF/Debug
arm-none-eabi-gcc -mthumb   -DUSE_HAL_DRIVER -DSTM32F446xx -I"/Users/joseluistejada/Desktop/USB_HID_RF/Inc" -I"/Users/joseluistejada/Desktop/USB_HID_RF/Drivers/STM32F4xx_HAL_Driver/Inc" -I"/Users/joseluistejada/Desktop/USB_HID_RF/Drivers/STM32F4xx_HAL_Driver/Inc/Legacy" -I"/Users/joseluistejada/Desktop/USB_HID_RF/Middlewares/ST/STM32_USB_Device_Library/Core/Inc" -I"/Users/joseluistejada/Desktop/USB_HID_RF/Middlewares/ST/STM32_USB_Device_Library/Class/HID/Inc" -I"/Users/joseluistejada/Desktop/USB_HID_RF/Drivers/CMSIS/Device/ST/STM32F4xx/Include" -I"/Users/joseluistejada/Desktop/USB_HID_RF/Drivers/CMSIS/Include"  -Og -g3 -Wall -fmessage-length=0 -ffunction-sections -c -fmessage-length=0 -MMD -MP -MF"Drivers/STM32F4xx_HAL_Driver/Src/stm32f4xx_hal_cortex.d" -MT"Drivers/STM32F4xx_HAL_Driver/Src/stm32f4xx_hal_cortex.o" -o "Drivers/STM32F4xx_HAL_Driver/Src/stm32f4xx_hal_cortex.o" "../Drivers/STM32F4xx_HAL_Driver/Src/stm32f4xx_hal_cortex.c"
/var/folders/gs/j_wllp9s3479cqckbx7954w00000gn/T//ccO5SsNw.s: Assembler messages:
/var/folders/gs/j_wllp9s3479cqckbx7954w00000gn/T//ccO5SsNw.s:295: Error: selected processor does not support `dsb 0xF' in Thumb mode
/var/folders/gs/j_wllp9s3479cqckbx7954w00000gn/T//ccO5SsNw.s:306: Error: selected processor does not support `isb 0xF' in Thumb mode
/var/folders/gs/j_wllp9s3479cqckbx7954w00000gn/T//ccO5SsNw.s:350: Error: selected processor does not support `dsb 0xF' in Thumb mode
/var/folders/gs/j_wllp9s3479cqckbx7954w00000gn/T//ccO5SsNw.s:371: Error: selected processor does not support `dsb 0xF' in Thumb mode
/var/folders/gs/j_wllp9s3479cqckbx7954w00000gn/T//ccO5SsNw.s:492: Error: selected processor does not support `dmb 0xF' in Thumb mode
/var/folders/gs/j_wllp9s3479cqckbx7954w00000gn/T//ccO5SsNw.s:555: Error: selected processor does not support `dsb 0xF' in Thumb mode
/var/folders/gs/j_wllp9s3479cqckbx7954w00000gn/T//ccO5SsNw.s:566: Error: selected processor does not support `isb 0xF' in Thumb mode
make: *** [Drivers/STM32F4xx_HAL_Driver/Src/stm32f4xx_hal_cortex.o] Error 1

15:30:25 Build Finished (took 4s.381ms)

